#
# There is insufficient memory for the Java Runtime Environment to continue.
# Native memory allocation (mmap) failed to map 63963136 bytes for committing reserved memory.
# Possible reasons:
#   The system is out of physical RAM or swap space
#   In 32 bit mode, the process size limit was hit
# Possible solutions:
#   Reduce memory load on the system
#   Increase physical memory or swap space
#   Check if swap backing store is full
#   Use 64 bit Java on a 64 bit OS
#   Decrease Java heap size (-Xmx/-Xms)
#   Decrease number of Java threads
#   Decrease Java thread stack sizes (-Xss)
#   Set larger code cache with -XX:ReservedCodeCacheSize=
# This output file may be truncated or incomplete.
#
#  Out of Memory Error (os_linux.cpp:2643), pid=21024, tid=0x00007f53c1573700
#
# JRE version: OpenJDK Runtime Environment (8.0_131-b11) (build 1.8.0_131-8u131-b11-2ubuntu1.17.04.3-b11)
# Java VM: OpenJDK 64-Bit Server VM (25.131-b11 mixed mode linux-amd64 compressed oops)
# Failed to write core dump. Core dumps have been disabled. To enable core dumping, try "ulimit -c unlimited" before starting Java again
#

---------------  T H R E A D  ---------------

Current thread (0x00007f53e81cc000):  VMThread [stack: 0x00007f53c1473000,0x00007f53c1574000] [id=21043]

Stack: [0x00007f53c1473000,0x00007f53c1574000],  sp=0x00007f53c15724d0,  free space=1021k
Native frames: (J=compiled Java code, j=interpreted, Vv=VM code, C=native code)
V  [libjvm.so+0xa6fa00]  VMError::report_and_die()+0x160
V  [libjvm.so+0x4c7bdc]  report_vm_out_of_memory(char const*, int, unsigned long, VMErrorType, char const*)+0xac
V  [libjvm.so+0x8be7a0]  os::pd_commit_memory(char*, unsigned long, unsigned long, bool)+0xf0
V  [libjvm.so+0x8b8e2e]  os::commit_memory(char*, unsigned long, unsigned long, bool)+0x2e
V  [libjvm.so+0x93395e]  PSVirtualSpace::expand_by(unsigned long)+0x4e
V  [libjvm.so+0x934ce3]  PSYoungGen::resize(unsigned long, unsigned long)+0x103
V  [libjvm.so+0x931333]  PSScavenge::invoke_no_policy()+0x1503
V  [libjvm.so+0x9315dc]  PSScavenge::invoke()+0x4c
V  [libjvm.so+0x8e2f53]  ParallelScavengeHeap::failed_mem_allocate(unsigned long)+0x63
V  [libjvm.so+0xa71672]  VM_ParallelGCFailedAllocation::doit()+0x92
V  [libjvm.so+0xa767e7]  VM_Operation::evaluate()+0x47
V  [libjvm.so+0xa73f77]  VMThread::evaluate_operation(VM_Operation*) [clone .constprop.30]+0xe7
V  [libjvm.so+0xa753f6]  VMThread::loop()+0x246
V  [libjvm.so+0xa758f1]  VMThread::run()+0x81
V  [libjvm.so+0x8bbd32]  java_start(Thread*)+0xf2

VM_Operation (0x00007f53f13da110): ParallelGCFailedAllocation, mode: safepoint, requested by thread 0x00007f53e800f000


---------------  P R O C E S S  ---------------

Java Threads: ( => current thread )
  0x00007f53e8615800 JavaThread "Service Thread" daemon [_thread_blocked, id=21068, stack(0x00007f53c04e8000,0x00007f53c05e9000)]
  0x00007f53e8608000 JavaThread "C1 CompilerThread3" daemon [_thread_blocked, id=21067, stack(0x00007f53c0801000,0x00007f53c0902000)]
  0x00007f53e8606800 JavaThread "C2 CompilerThread2" daemon [_thread_blocked, id=21066, stack(0x00007f53c0902000,0x00007f53c0a03000)]
  0x00007f53e8602800 JavaThread "C2 CompilerThread1" daemon [_thread_blocked, id=21065, stack(0x00007f53c0a03000,0x00007f53c0b04000)]
  0x00007f53e8601000 JavaThread "C2 CompilerThread0" daemon [_thread_blocked, id=21064, stack(0x00007f53c0b04000,0x00007f53c0c05000)]
  0x00007f53e8605800 JavaThread "Monitor Ctrl-Break" daemon [_thread_in_native, id=21063, stack(0x00007f53c0c05000,0x00007f53c0d06000)]
  0x00007f53e8200800 JavaThread "Signal Dispatcher" daemon [_thread_blocked, id=21061, stack(0x00007f53c0e93000,0x00007f53c0f94000)]
  0x00007f53e81d8000 JavaThread "Finalizer" daemon [_thread_blocked, id=21048, stack(0x00007f53c1271000,0x00007f53c1372000)]
  0x00007f53e81d3800 JavaThread "Reference Handler" daemon [_thread_blocked, id=21045, stack(0x00007f53c1372000,0x00007f53c1473000)]
  0x00007f53e800f000 JavaThread "main" [_thread_blocked, id=21025, stack(0x00007f53f12dc000,0x00007f53f13dd000)]

Other Threads:
=>0x00007f53e81cc000 VMThread [stack: 0x00007f53c1473000,0x00007f53c1574000] [id=21043]
  0x00007f53e8618000 WatcherThread [stack: 0x00007f53c03e7000,0x00007f53c04e8000] [id=21069]

VM state:at safepoint (normal execution)

VM Mutex/Monitor currently owned by a thread:  ([mutex/lock_event])
[0x00007f53e800b6d0] Threads_lock - owner thread: 0x00007f53e81cc000
[0x00007f53e800bbd0] Heap_lock - owner thread: 0x00007f53e800f000

Heap:
 PSYoungGen      total 70656K, used 5973K [0x00000000ebb00000, 0x00000000f0800000, 0x0000000100000000)
  eden space 62976K, 0% used [0x00000000ebb00000,0x00000000ebb00000,0x00000000ef880000)
  from space 7680K, 77% used [0x00000000ef880000,0x00000000efe55448,0x00000000f0000000)
  to   space 7168K, 0% used [0x00000000f0000000,0x00000000f0000000,0x00000000f0700000)
 ParOldGen       total 42496K, used 11125K [0x00000000c3000000, 0x00000000c5980000, 0x00000000ebb00000)
  object space 42496K, 26% used [0x00000000c3000000,0x00000000c3add7d8,0x00000000c5980000)
 Metaspace       used 18168K, capacity 18352K, committed 18688K, reserved 1064960K
  class space    used 2168K, capacity 2224K, committed 2304K, reserved 1048576K

Card table byte_map: [0x00007f53ed598000,0x00007f53ed781000] byte_map_base: 0x00007f53ecf80000

Marking Bits: (ParMarkBitMap*) 0x00007f53f05ae2c0
 Begin Bits: [0x00007f53c2180000, 0x00007f53c30c0000)
 End Bits:   [0x00007f53c30c0000, 0x00007f53c4000000)

Polling page: 0x00007f53f1400000

CodeCache: size=245760Kb used=6877Kb max_used=6896Kb free=238882Kb
 bounds [0x00007f53d9000000, 0x00007f53d96d0000, 0x00007f53e8000000]
 total_blobs=2121 nmethods=1774 adapters=261
 compilation: enabled

Compilation events (10 events):
Event: 2,537 Thread 0x00007f53e8602800 nmethod 1757 0x00007f53d96bdad0 code [0x00007f53d96bdd60, 0x00007f53d96bec60]
Event: 2,537 Thread 0x00007f53e8602800 1765       4       java.util.regex.Pattern$Node::match (27 bytes)
Event: 2,553 Thread 0x00007f53e8608000 1780       3       org.springframework.asm.FieldVisitor::visitEnd (15 bytes)
Event: 2,575 Thread 0x00007f53e8608000 nmethod 1780 0x00007f53d96a2690 code [0x00007f53d96a2800, 0x00007f53d96a2a68]
Event: 2,590 Thread 0x00007f53e8608000 1782   !   3       com.sun.proxy.$Proxy22::annotationType (29 bytes)
Event: 2,865 Thread 0x00007f53e8602800 nmethod 1765 0x00007f53d96b5110 code [0x00007f53d96b5260, 0x00007f53d96b5318]
Event: 2,865 Thread 0x00007f53e8606800 nmethod 1758 0x00007f53d96a2010 code [0x00007f53d96a2180, 0x00007f53d96a2418]
Event: 2,925 Thread 0x00007f53e8608000 nmethod 1782 0x00007f53d96b7690 code [0x00007f53d96b7820, 0x00007f53d96b7c38]
Event: 2,932 Thread 0x00007f53e8606800 1778       4       org.springframework.util.ConcurrentReferenceHashMap::get (37 bytes)
Event: 2,932 Thread 0x00007f53e8602800 1781       4       org.springframework.asm.ClassReader::readCode (3343 bytes)

GC Heap History (10 events):
Event: 0,799 GC heap after
Heap after GC invocations=2 (full 0):
 PSYoungGen      total 18432K, used 2549K [0x00000000ebb00000, 0x00000000edf00000, 0x0000000100000000)
  eden space 15872K, 0% used [0x00000000ebb00000,0x00000000ebb00000,0x00000000eca80000)
  from space 2560K, 99% used [0x00000000ecd00000,0x00000000ecf7d670,0x00000000ecf80000)
  to   space 2560K, 0% used [0x00000000eca80000,0x00000000eca80000,0x00000000ecd00000)
 ParOldGen       total 42496K, used 1269K [0x00000000c3000000, 0x00000000c5980000, 0x00000000ebb00000)
  object space 42496K, 2% used [0x00000000c3000000,0x00000000c313d6c0,0x00000000c5980000)
 Metaspace       used 7999K, capacity 8130K, committed 8192K, reserved 1056768K
  class space    used 969K, capacity 979K, committed 1024K, reserved 1048576K
}
Event: 0,906 GC heap before
{Heap before GC invocations=3 (full 0):
 PSYoungGen      total 18432K, used 18413K [0x00000000ebb00000, 0x00000000edf00000, 0x0000000100000000)
  eden space 15872K, 99% used [0x00000000ebb00000,0x00000000eca7def8,0x00000000eca80000)
  from space 2560K, 99% used [0x00000000ecd00000,0x00000000ecf7d670,0x00000000ecf80000)
  to   space 2560K, 0% used [0x00000000eca80000,0x00000000eca80000,0x00000000ecd00000)
 ParOldGen       total 42496K, used 1300K [0x00000000c3000000, 0x00000000c5980000, 0x00000000ebb00000)
  object space 42496K, 3% used [0x00000000c3000000,0x00000000c31452d0,0x00000000c5980000)
 Metaspace       used 9754K, capacity 9858K, committed 9984K, reserved 1058816K
  class space    used 1179K, capacity 1235K, committed 1280K, reserved 1048576K
Event: 0,925 GC heap after
Heap after GC invocations=3 (full 0):
 PSYoungGen      total 18432K, used 2528K [0x00000000ebb00000, 0x00000000edf00000, 0x0000000100000000)
  eden space 15872K, 0% used [0x00000000ebb00000,0x00000000ebb00000,0x00000000eca80000)
  from space 2560K, 98% used [0x00000000eca80000,0x00000000eccf8200,0x00000000ecd00000)
  to   space 2560K, 0% used [0x00000000edc80000,0x00000000edc80000,0x00000000edf00000)
 ParOldGen       total 42496K, used 5247K [0x00000000c3000000, 0x00000000c5980000, 0x00000000ebb00000)
  object space 42496K, 12% used [0x00000000c3000000,0x00000000c351fca0,0x00000000c5980000)
 Metaspace       used 9754K, capacity 9858K, committed 9984K, reserved 1058816K
  class space    used 1179K, capacity 1235K, committed 1280K, reserved 1048576K
}
Event: 1,008 GC heap before
{Heap before GC invocations=4 (full 0):
 PSYoungGen      total 18432K, used 18400K [0x00000000ebb00000, 0x00000000edf00000, 0x0000000100000000)
  eden space 15872K, 100% used [0x00000000ebb00000,0x00000000eca80000,0x00000000eca80000)
  from space 2560K, 98% used [0x00000000eca80000,0x00000000eccf8200,0x00000000ecd00000)
  to   space 2560K, 0% used [0x00000000edc80000,0x00000000edc80000,0x00000000edf00000)
 ParOldGen       total 42496K, used 5259K [0x00000000c3000000, 0x00000000c5980000, 0x00000000ebb00000)
  object space 42496K, 12% used [0x00000000c3000000,0x00000000c3522da0,0x00000000c5980000)
 Metaspace       used 11408K, capacity 11554K, committed 11648K, reserved 1058816K
  class space    used 1364K, capacity 1395K, committed 1408K, reserved 1048576K
Event: 1,014 GC heap after
Heap after GC invocations=4 (full 0):
 PSYoungGen      total 34304K, used 2560K [0x00000000ebb00000, 0x00000000edf00000, 0x0000000100000000)
  eden space 31744K, 0% used [0x00000000ebb00000,0x00000000ebb00000,0x00000000eda00000)
  from space 2560K, 100% used [0x00000000edc80000,0x00000000edf00000,0x00000000edf00000)
  to   space 2560K, 0% used [0x00000000eda00000,0x00000000eda00000,0x00000000edc80000)
 ParOldGen       total 42496K, used 6632K [0x00000000c3000000, 0x00000000c5980000, 0x00000000ebb00000)
  object space 42496K, 15% used [0x00000000c3000000,0x00000000c367a2a8,0x00000000c5980000)
 Metaspace       used 11408K, capacity 11554K, committed 11648K, reserved 1058816K
  class space    used 1364K, capacity 1395K, committed 1408K, reserved 1048576K
}
Event: 1,263 GC heap before
{Heap before GC invocations=5 (full 0):
 PSYoungGen      total 34304K, used 34304K [0x00000000ebb00000, 0x00000000edf00000, 0x0000000100000000)
  eden space 31744K, 100% used [0x00000000ebb00000,0x00000000eda00000,0x00000000eda00000)
  from space 2560K, 100% used [0x00000000edc80000,0x00000000edf00000,0x00000000edf00000)
  to   space 2560K, 0% used [0x00000000eda00000,0x00000000eda00000,0x00000000edc80000)
 ParOldGen       total 42496K, used 6632K [0x00000000c3000000, 0x00000000c5980000, 0x00000000ebb00000)
  object space 42496K, 15% used [0x00000000c3000000,0x00000000c367a2a8,0x00000000c5980000)
 Metaspace       used 14935K, capacity 15056K, committed 15232K, reserved 1062912K
  class space    used 1791K, capacity 1824K, committed 1920K, reserved 1048576K
Event: 1,269 GC heap after
Heap after GC invocations=5 (full 0):
 PSYoungGen      total 34304K, used 2529K [0x00000000ebb00000, 0x00000000f0700000, 0x0000000100000000)
  eden space 31744K, 0% used [0x00000000ebb00000,0x00000000ebb00000,0x00000000eda00000)
  from space 2560K, 98% used [0x00000000eda00000,0x00000000edc78468,0x00000000edc80000)
  to   space 7168K, 0% used [0x00000000f0000000,0x00000000f0000000,0x00000000f0700000)
 ParOldGen       total 42496K, used 9788K [0x00000000c3000000, 0x00000000c5980000, 0x00000000ebb00000)
  object space 42496K, 23% used [0x00000000c3000000,0x00000000c398f110,0x00000000c5980000)
 Metaspace       used 14935K, capacity 15056K, committed 15232K, reserved 1062912K
  class space    used 1791K, capacity 1824K, committed 1920K, reserved 1048576K
}
Event: 1,606 GC heap before
{Heap before GC invocations=6 (full 0):
 PSYoungGen      total 34304K, used 34273K [0x00000000ebb00000, 0x00000000f0700000, 0x0000000100000000)
  eden space 31744K, 100% used [0x00000000ebb00000,0x00000000eda00000,0x00000000eda00000)
  from space 2560K, 98% used [0x00000000eda00000,0x00000000edc78468,0x00000000edc80000)
  to   space 7168K, 0% used [0x00000000f0000000,0x00000000f0000000,0x00000000f0700000)
 ParOldGen       total 42496K, used 9788K [0x00000000c3000000, 0x00000000c5980000, 0x00000000ebb00000)
  object space 42496K, 23% used [0x00000000c3000000,0x00000000c398f110,0x00000000c5980000)
 Metaspace       used 17143K, capacity 17310K, committed 17536K, reserved 1064960K
  class space    used 2052K, capacity 2093K, committed 2176K, reserved 1048576K
Event: 1,620 GC heap after
Heap after GC invocations=6 (full 0):
 PSYoungGen      total 70144K, used 5564K [0x00000000ebb00000, 0x00000000f0800000, 0x0000000100000000)
  eden space 62976K, 0% used [0x00000000ebb00000,0x00000000ebb00000,0x00000000ef880000)
  from space 7168K, 77% used [0x00000000f0000000,0x00000000f056f090,0x00000000f0700000)
  to   space 7680K, 0% used [0x00000000ef880000,0x00000000ef880000,0x00000000f0000000)
 ParOldGen       total 42496K, used 9796K [0x00000000c3000000, 0x00000000c5980000, 0x00000000ebb00000)
  object space 42496K, 23% used [0x00000000c3000000,0x00000000c3991110,0x00000000c5980000)
 Metaspace       used 17143K, capacity 17310K, committed 17536K, reserved 1064960K
  class space    used 2052K, capacity 2093K, committed 2176K, reserved 1048576K
}
Event: 3,219 GC heap before
{Heap before GC invocations=7 (full 0):
 PSYoungGen      total 70144K, used 68540K [0x00000000ebb00000, 0x00000000f0800000, 0x0000000100000000)
  eden space 62976K, 100% used [0x00000000ebb00000,0x00000000ef880000,0x00000000ef880000)
  from space 7168K, 77% used [0x00000000f0000000,0x00000000f056f090,0x00000000f0700000)
  to   space 7680K, 0% used [0x00000000ef880000,0x00000000ef880000,0x00000000f0000000)
 ParOldGen       total 42496K, used 9796K [0x00000000c3000000, 0x00000000c5980000, 0x00000000ebb00000)
  object space 42496K, 23% used [0x00000000c3000000,0x00000000c3991110,0x00000000c5980000)
 Metaspace       used 18168K, capacity 18352K, committed 18688K, reserved 1064960K
  class space    used 2168K, capacity 2224K, committed 2304K, reserved 1048576K

Deoptimization events (10 events):
Event: 1,262 Thread 0x00007f53e800f000 Uncommon trap: reason=class_check action=maybe_recompile pc=0x00007f53d9335554 method=java.util.regex.Pattern$CharProperty.match(Ljava/util/regex/Matcher;ILjava/lang/CharSequence;)Z @ 37
Event: 1,332 Thread 0x00007f53e8791000 Uncommon trap: reason=unstable_if action=reinterpret pc=0x00007f53d94360a4 method=com.sun.org.apache.xerces.internal.util.SymbolTable.addSymbol([CII)Ljava/lang/String; @ 38
Event: 1,357 Thread 0x00007f53e8791000 Uncommon trap: reason=unstable_if action=reinterpret pc=0x00007f53d947b2b8 method=com.sun.org.apache.xerces.internal.util.SymbolTable.addSymbol([CII)Ljava/lang/String; @ 38
Event: 1,524 Thread 0x00007f53e8791000 Uncommon trap: reason=class_check action=maybe_recompile pc=0x00007f53d9313dbc method=java.util.regex.Matcher.search(I)Z @ 86
Event: 1,524 Thread 0x00007f53e8791000 Uncommon trap: reason=unstable_if action=reinterpret pc=0x00007f53d9506ac8 method=java.util.regex.Pattern$BmpCharProperty.match(Ljava/util/regex/Matcher;ILjava/lang/CharSequence;)Z @ 5
Event: 1,528 Thread 0x00007f53e800f000 Uncommon trap: reason=unstable_if action=reinterpret pc=0x00007f53d9477eac method=org.springframework.asm.ClassReader.readUTF8(I[C)Ljava/lang/String; @ 7
Event: 1,810 Thread 0x00007f53e800f000 Uncommon trap: reason=unstable_if action=reinterpret pc=0x00007f53d95ab30c method=java.util.AbstractCollection.isEmpty()Z @ 4
Event: 1,936 Thread 0x00007f53e800f000 Uncommon trap: reason=unstable_if action=reinterpret pc=0x00007f53d9607ac4 method=org.springframework.core.type.classreading.AnnotationReadingVisitorUtils.convertClassValues(Ljava/lang/ClassLoader;Lorg/springframework/core/annotation/AnnotationAttributes;
Event: 2,494 Thread 0x00007f53e800f000 Uncommon trap: reason=unstable_if action=reinterpret pc=0x00007f53d95a94ac method=org.springframework.util.ObjectUtils.isEmpty(Ljava/lang/Object;)Z @ 13
Event: 3,174 Thread 0x00007f53e800f000 Uncommon trap: reason=predicate action=maybe_recompile pc=0x00007f53d96a23a0 method=java.util.AbstractCollection.toArray([Ljava/lang/Object;)[Ljava/lang/Object; @ 49

Internal exceptions (10 events):
Event: 0,622 Thread 0x00007f53e800f000 Exception <a 'java/lang/ArrayIndexOutOfBoundsException'> (0x00000000ebdb17e0) thrown at [/build/openjdk-8-ugc2Ph/openjdk-8-8u131-b11/src/hotspot/src/share/vm/runtime/sharedRuntime.cpp, line 605]
Event: 0,623 Thread 0x00007f53e800f000 Exception <a 'java/lang/ArrayIndexOutOfBoundsException'> (0x00000000ebdbc1f8) thrown at [/build/openjdk-8-ugc2Ph/openjdk-8-8u131-b11/src/hotspot/src/share/vm/runtime/sharedRuntime.cpp, line 605]
Event: 0,623 Thread 0x00007f53e800f000 Exception <a 'java/lang/ArrayIndexOutOfBoundsException'> (0x00000000ebdc7e70) thrown at [/build/openjdk-8-ugc2Ph/openjdk-8-8u131-b11/src/hotspot/src/share/vm/runtime/sharedRuntime.cpp, line 605]
Event: 0,661 Thread 0x00007f53e800f000 Exception <a 'java/lang/ArrayIndexOutOfBoundsException'> (0x00000000ebfe06e8) thrown at [/build/openjdk-8-ugc2Ph/openjdk-8-8u131-b11/src/hotspot/src/share/vm/runtime/sharedRuntime.cpp, line 605]
Event: 0,661 Thread 0x00007f53e800f000 Exception <a 'java/lang/ArrayIndexOutOfBoundsException'> (0x00000000ebfe1b68) thrown at [/build/openjdk-8-ugc2Ph/openjdk-8-8u131-b11/src/hotspot/src/share/vm/runtime/sharedRuntime.cpp, line 605]
Event: 0,707 Thread 0x00007f53e800f000 Exception <a 'java/io/FileNotFoundException'> (0x00000000ec384448) thrown at [/build/openjdk-8-ugc2Ph/openjdk-8-8u131-b11/src/hotspot/src/share/vm/prims/jni.cpp, line 709]
Event: 0,828 Thread 0x00007f53e800f000 Exception <a 'java/lang/ClassNotFoundException': java/lang/ObjectCustomizer> (0x00000000ebfb0bd0) thrown at [/build/openjdk-8-ugc2Ph/openjdk-8-8u131-b11/src/hotspot/src/share/vm/classfile/systemDictionary.cpp, line 210]
Event: 0,834 Thread 0x00007f53e800f000 Exception <a 'java/lang/ClassNotFoundException': org/springframework/boot/SpringApplicationCustomizer> (0x00000000ec0706c0) thrown at [/build/openjdk-8-ugc2Ph/openjdk-8-8u131-b11/src/hotspot/src/share/vm/classfile/systemDictionary.cpp, line 210]
Event: 1,080 Thread 0x00007f53e800f000 Exception <a 'java/lang/NoSuchMethodError': org.slf4j.impl.StaticMDCBinder.getSingleton()Lorg/slf4j/impl/StaticMDCBinder;> (0x00000000ec838690) thrown at [/build/openjdk-8-ugc2Ph/openjdk-8-8u131-b11/src/hotspot/src/share/vm/interpreter/linkResolver.cpp, l
Event: 1,082 Thread 0x00007f53e800f000 Implicit null exception at 0x00007f53d9262db5 to 0x00007f53d9262fc1

Events (10 events):
Event: 2,491 Executing VM operation: ForceSafepoint done
Event: 2,493 Thread 0x00007f53e800f000 Uncommon trap: trap_request=0xffffff65 fr.pc=0x00007f53d95a94ac
Event: 2,495 Thread 0x00007f53e800f000 DEOPT PACKING pc=0x00007f53d95a94ac sp=0x00007f53f13dac50
Event: 2,495 Thread 0x00007f53e800f000 DEOPT UNPACKING pc=0x00007f53d9004f69 sp=0x00007f53f13dac18 mode 2
Event: 2,495 loading class org/springframework/context/annotation/ComponentScanAnnotationParser$2
Event: 2,495 loading class org/springframework/context/annotation/ComponentScanAnnotationParser$2 done
Event: 3,173 Thread 0x00007f53e800f000 Uncommon trap: trap_request=0xffffff86 fr.pc=0x00007f53d96a23a0
Event: 3,174 Thread 0x00007f53e800f000 DEOPT PACKING pc=0x00007f53d96a23a0 sp=0x00007f53f13da690
Event: 3,174 Thread 0x00007f53e800f000 DEOPT UNPACKING pc=0x00007f53d9004f69 sp=0x00007f53f13da640 mode 2
Event: 3,212 Executing VM operation: ParallelGCFailedAllocation


Dynamic libraries:
c3000000-c5980000 rw-p 00000000 00:00 0 
c5980000-ebb00000 ---p 00000000 00:00 0 
ebb00000-f0800000 rw-p 00000000 00:00 0 
f4500000-100000000 ---p 00000000 00:00 0 
100000000-100240000 rw-p 00000000 00:00 0 
100240000-140000000 ---p 00000000 00:00 0 
56429ec18000-56429ec19000 r-xp 00000000 08:01 6684849                    /usr/lib/jvm/java-8-openjdk-amd64/jre/bin/java
56429ee18000-56429ee19000 r--p 00000000 08:01 6684849                    /usr/lib/jvm/java-8-openjdk-amd64/jre/bin/java
56429ee19000-56429ee1a000 rw-p 00001000 08:01 6684849                    /usr/lib/jvm/java-8-openjdk-amd64/jre/bin/java
5642a0dd4000-5642a0df5000 rw-p 00000000 00:00 0                          [heap]
7f5380000000-7f5380021000 rw-p 00000000 00:00 0 
7f5380021000-7f5384000000 ---p 00000000 00:00 0 
7f5384000000-7f538436e000 rw-p 00000000 00:00 0 
7f538436e000-7f5388000000 ---p 00000000 00:00 0 
7f5388000000-7f5388021000 rw-p 00000000 00:00 0 
7f5388021000-7f538c000000 ---p 00000000 00:00 0 
7f538c000000-7f538c72f000 rw-p 00000000 00:00 0 
7f538c72f000-7f5390000000 ---p 00000000 00:00 0 
7f53905e2000-7f53905f3000 r-xp 00000000 08:01 6684886                    /usr/lib/jvm/java-8-openjdk-amd64/jre/lib/amd64/libnio.so
7f53905f3000-7f53907f3000 ---p 00011000 08:01 6684886                    /usr/lib/jvm/java-8-openjdk-amd64/jre/lib/amd64/libnio.so
7f53907f3000-7f53907f4000 r--p 00011000 08:01 6684886                    /usr/lib/jvm/java-8-openjdk-amd64/jre/lib/amd64/libnio.so
7f53907f4000-7f53907f5000 rw-p 00012000 08:01 6684886                    /usr/lib/jvm/java-8-openjdk-amd64/jre/lib/amd64/libnio.so
7f53907f5000-7f53909f5000 rw-p 00000000 00:00 0 
7f53909f5000-7f5390bf5000 rw-p 00000000 00:00 0 
7f5390bf5000-7f5390df5000 rw-p 00000000 00:00 0 
7f5390df5000-7f5390dfe000 r-xp 00000000 08:01 6684882                    /usr/lib/jvm/java-8-openjdk-amd64/jre/lib/amd64/libmanagement.so
7f5390dfe000-7f5390ffd000 ---p 00009000 08:01 6684882                    /usr/lib/jvm/java-8-openjdk-amd64/jre/lib/amd64/libmanagement.so
7f5390ffd000-7f5390ffe000 r--p 00008000 08:01 6684882                    /usr/lib/jvm/java-8-openjdk-amd64/jre/lib/amd64/libmanagement.so
7f5390ffe000-7f5390fff000 rw-p 00009000 08:01 6684882                    /usr/lib/jvm/java-8-openjdk-amd64/jre/lib/amd64/libmanagement.so
7f5390fff000-7f5394000000 rw-p 00000000 00:00 0 
7f5394000000-7f5394b3c000 rw-p 00000000 00:00 0 
7f5394b3c000-7f5398000000 ---p 00000000 00:00 0 
7f5398000000-7f53989ba000 rw-p 00000000 00:00 0 
7f53989ba000-7f539c000000 ---p 00000000 00:00 0 
7f539c000000-7f539c039000 rw-p 00000000 00:00 0 
7f539c039000-7f53a0000000 ---p 00000000 00:00 0 
7f53a0000000-7f53a0b50000 rw-p 00000000 00:00 0 
7f53a0b50000-7f53a4000000 ---p 00000000 00:00 0 
7f53a4000000-7f53a4021000 rw-p 00000000 00:00 0 
7f53a4021000-7f53a8000000 ---p 00000000 00:00 0 
7f53a8000000-7f53a8021000 rw-p 00000000 00:00 0 
7f53a8021000-7f53ac000000 ---p 00000000 00:00 0 
7f53ac000000-7f53ac276000 rw-p 00000000 00:00 0 
7f53ac276000-7f53b0000000 ---p 00000000 00:00 0 
7f53b0000000-7f53b0021000 rw-p 00000000 00:00 0 
7f53b0021000-7f53b4000000 ---p 00000000 00:00 0 
7f53b4000000-7f53b4021000 rw-p 00000000 00:00 0 
7f53b4021000-7f53b8000000 ---p 00000000 00:00 0 
7f53b8000000-7f53b8021000 rw-p 00000000 00:00 0 
7f53b8021000-7f53bc000000 ---p 00000000 00:00 0 
7f53bc000000-7f53bc021000 rw-p 00000000 00:00 0 
7f53bc021000-7f53c0000000 ---p 00000000 00:00 0 
7f53c00e1000-7f53c02e1000 rw-p 00000000 00:00 0 
7f53c02e1000-7f53c02e6000 r--s 002f9000 08:01 6684896                    /usr/lib/jvm/java-8-openjdk-amd64/jre/lib/charsets.jar
7f53c02e6000-7f53c02e9000 ---p 00000000 00:00 0 
7f53c02e9000-7f53c03e7000 rw-p 00000000 00:00 0 
7f53c03e7000-7f53c03e8000 ---p 00000000 00:00 0 
7f53c03e8000-7f53c04e8000 rw-p 00000000 00:00 0 
7f53c04e8000-7f53c04eb000 ---p 00000000 00:00 0 
7f53c04eb000-7f53c05e9000 rw-p 00000000 00:00 0 
7f53c05e9000-7f53c0600000 r-xp 00000000 08:01 6684885                    /usr/lib/jvm/java-8-openjdk-amd64/jre/lib/amd64/libnet.so
7f53c0600000-7f53c07ff000 ---p 00017000 08:01 6684885                    /usr/lib/jvm/java-8-openjdk-amd64/jre/lib/amd64/libnet.so
7f53c07ff000-7f53c0800000 r--p 00016000 08:01 6684885                    /usr/lib/jvm/java-8-openjdk-amd64/jre/lib/amd64/libnet.so
7f53c0800000-7f53c0801000 rw-p 00017000 08:01 6684885                    /usr/lib/jvm/java-8-openjdk-amd64/jre/lib/amd64/libnet.so
7f53c0801000-7f53c0804000 ---p 00000000 00:00 0 
7f53c0804000-7f53c0902000 rw-p 00000000 00:00 0 
7f53c0902000-7f53c0905000 ---p 00000000 00:00 0 
7f53c0905000-7f53c0a03000 rw-p 00000000 00:00 0 
7f53c0a03000-7f53c0a06000 ---p 00000000 00:00 0 
7f53c0a06000-7f53c0b04000 rw-p 00000000 00:00 0 
7f53c0b04000-7f53c0b07000 ---p 00000000 00:00 0 
7f53c0b07000-7f53c0c05000 rw-p 00000000 00:00 0 
7f53c0c05000-7f53c0c08000 ---p 00000000 00:00 0 
7f53c0c08000-7f53c0d06000 rw-p 00000000 00:00 0 
7f53c0d06000-7f53c0d08000 r--s 0001a000 08:01 9444059                    /home/panagiotis/ideaIU-2017.1.1/idea-IU-171.4073.35/lib/idea_rt.jar
7f53c0d08000-7f53c0d0f000 r--s 0003a000 08:01 10881883                   /home/panagiotis/.m2/repository/commons-codec/commons-codec/1.9/commons-codec-1.9.jar
7f53c0d0f000-7f53c0d11000 r--s 00006000 08:01 10750066                   /home/panagiotis/.m2/repository/com/google/code/findbugs/jsr305/2.0.1/jsr305-2.0.1.jar
7f53c0d11000-7f53c0d3c000 r--s 001f5000 08:01 660858                     /home/panagiotis/.m2/repository/com/google/guava/guava/16.0.1/guava-16.0.1.jar
7f53c0d3c000-7f53c0d3d000 r--s 00002000 08:01 660831                     /home/panagiotis/.m2/repository/com/github/fge/btf/1.2/btf-1.2.jar
7f53c0d3d000-7f53c0d3f000 r--s 00008000 08:01 660856                     /home/panagiotis/.m2/repository/com/github/fge/msg-simple/1.1/msg-simple-1.1.jar
7f53c0d3f000-7f53c0d41000 r--s 00006000 08:01 660852                     /home/panagiotis/.m2/repository/com/github/fge/jackson-coreutils/1.6/jackson-coreutils-1.6.jar
7f53c0d41000-7f53c0d43000 r--s 00009000 08:01 660850                     /home/panagiotis/.m2/repository/com/github/fge/json-patch/1.7/json-patch-1.7.jar
7f53c0d43000-7f53c0d45000 r--s 00002000 08:01 11804467                   /home/panagiotis/.m2/repository/org/atteo/evo-inflector/1.2.1/evo-inflector-1.2.1.jar
7f53c0d45000-7f53c0d46000 r--s 00004000 08:01 11804465                   /home/panagiotis/.m2/repository/org/springframework/plugin/spring-plugin-core/1.2.0.RELEASE/spring-plugin-core-1.2.0.RELEASE.jar
7f53c0d46000-7f53c0d4b000 r--s 00027000 08:01 660827                     /home/panagiotis/.m2/repository/org/springframework/hateoas/spring-hateoas/0.19.0.RELEASE/spring-hateoas-0.19.0.RELEASE.jar
7f53c0d4b000-7f53c0d4f000 r--s 00017000 08:01 660825                     /home/panagiotis/.m2/repository/org/springframework/data/spring-data-rest-core/2.4.4.RELEASE/spring-data-rest-core-2.4.4.RELEASE.jar
7f53c0d4f000-7f53c0d54000 r--s 00034000 08:01 660834                     /home/panagiotis/.m2/repository/org/springframework/data/spring-data-rest-webmvc/2.4.4.RELEASE/spring-data-rest-webmvc-2.4.4.RELEASE.jar
7f53c0d54000-7f53c0d58000 r--s 0003c000 08:01 660840                     /home/panagiotis/.m2/repository/com/fasterxml/jackson/core/jackson-core/2.6.5/jackson-core-2.6.5.jar
7f53c0d58000-7f53c0d69000 r--s 0010d000 08:01 660838                     /home/panagiotis/.m2/repository/com/fasterxml/jackson/core/jackson-databind/2.6.5/jackson-databind-2.6.5.jar
7f53c0d69000-7f53c0d6c000 r--s 00009000 08:01 660842                     /home/panagiotis/.m2/repository/com/fasterxml/jackson/core/jackson-annotations/2.6.5/jackson-annotations-2.6.5.jar
7f53c0d6c000-7f53c0d7d000 r--s 000c6000 08:01 660833                     /home/panagiotis/.m2/repository/org/springframework/spring-webmvc/4.2.5.RELEASE/spring-webmvc-4.2.5.RELEASE.jar
7f53c0d7d000-7f53c0d8e000 r--s 000ab000 08:01 660826                     /home/panagiotis/.m2/repository/org/springframework/spring-web/4.2.5.RELEASE/spring-web-4.2.5.RELEASE.jar
7f53c0d8e000-7f53c0d90000 r--s 0000e000 08:01 13110358                   /home/panagiotis/.m2/repository/com/fasterxml/classmate/1.1.0/classmate-1.1.0.jar
7f53c0d90000-7f53c0d94000 r--s 0000c000 08:01 11673408                   /home/panagiotis/.m2/repository/javax/validation/validation-api/1.1.0.Final/validation-api-1.1.0.Final.jar
7f53c0d94000-7f53c0da4000 r--s 0009c000 08:01 660824                     /home/panagiotis/.m2/repository/org/hibernate/hibernate-validator/5.2.4.Final/hibernate-validator-5.2.4.Final.jar
7f53c0da4000-7f53c0da5000 r--s 00000000 08:01 660822                     /home/panagiotis/.m2/repository/org/springframework/boot/spring-boot-starter-validation/1.3.3.RELEASE/spring-boot-starter-validation-1.3.3.RELEASE.jar
7f53c0da5000-7f53c0dab000 r--s 00037000 08:01 14819807                   /home/panagiotis/.m2/repository/org/apache/tomcat/embed/tomcat-embed-websocket/8.0.32/tomcat-embed-websocket-8.0.32.jar
7f53c0dab000-7f53c0dac000 r--s 00009000 08:01 14684616                   /home/panagiotis/.m2/repository/org/apache/tomcat/embed/tomcat-embed-logging-juli/8.0.32/tomcat-embed-logging-juli-8.0.32.jar
7f53c0dac000-7f53c0db1000 r--s 00036000 08:01 14431660                   /home/panagiotis/.m2/repository/org/apache/tomcat/embed/tomcat-embed-el/8.0.32/tomcat-embed-el-8.0.32.jar
7f53c0db1000-7f53c0dd6000 r--s 00290000 08:01 14297814                   /home/panagiotis/.m2/repository/org/apache/tomcat/embed/tomcat-embed-core/8.0.32/tomcat-embed-core-8.0.32.jar
7f53c0dd6000-7f53c0dd7000 r--s 00000000 08:01 14164352                   /home/panagiotis/.m2/repository/org/springframework/boot/spring-boot-starter-tomcat/1.3.3.RELEASE/spring-boot-starter-tomcat-1.3.3.RELEASE.jar
7f53c0dd7000-7f53c0dd8000 r--s 00000000 08:01 14028196                   /home/panagiotis/.m2/repository/org/springframework/boot/spring-boot-starter-web/1.3.3.RELEASE/spring-boot-starter-web-1.3.3.RELEASE.jar
7f53c0dd8000-7f53c0dd9000 r--s 00000000 08:01 13896447                   /home/panagiotis/.m2/repository/org/springframework/boot/spring-boot-starter-data-rest/1.3.3.RELEASE/spring-boot-starter-data-rest-1.3.3.RELEASE.jar
7f53c0dd9000-7f53c0ddc000 r--s 0000c000 08:01 13766906                   /home/panagiotis/.m2/repository/org/springframework/spring-aspects/4.2.5.RELEASE/spring-aspects-4.2.5.RELEASE.jar
7f53c0ddc000-7f53c0dde000 r--s 00003000 08:01 13372985                   /home/panagiotis/.m2/repository/org/slf4j/jcl-over-slf4j/1.7.16/jcl-over-slf4j-1.7.16.jar
7f53c0dde000-7f53c0ddf000 r--s 00009000 08:01 13372947                   /home/panagiotis/.m2/repository/org/slf4j/slf4j-api/1.7.16/slf4j-api-1.7.16.jar
7f53c0ddf000-7f53c0dec000 r--s 000a6000 08:01 13372980                   /home/panagiotis/.m2/repository/org/springframework/spring-beans/4.2.5.RELEASE/spring-beans-4.2.5.RELEASE.jar
7f53c0dec000-7f53c0df3000 r--s 0003a000 08:01 13372970                   /home/panagiotis/.m2/repository/org/springframework/spring-tx/4.2.5.RELEASE/spring-tx-4.2.5.RELEASE.jar
7f53c0df3000-7f53c0e0c000 r--s 000f3000 08:01 13372995                   /home/panagiotis/.m2/repository/org/springframework/spring-context/4.2.5.RELEASE/spring-context-4.2.5.RELEASE.jar
7f53c0e0c000-7f53c0e16000 r--s 00068000 08:01 13510522                   /home/panagiotis/.m2/repository/org/springframework/spring-orm/4.2.5.RELEASE/spring-orm-4.2.5.RELEASE.jar
7f53c0e16000-7f53c0e25000 r--s 0008d000 08:01 13372976                   /home/panagiotis/.m2/repository/org/springframework/data/spring-data-commons/1.11.4.RELEASE/spring-data-commons-1.11.4.RELEASE.jar
7f53c0e25000-7f53c0e2b000 r--s 00039000 08:01 13372944                   /home/panagiotis/.m2/repository/org/springframework/data/spring-data-jpa/1.9.4.RELEASE/spring-data-jpa-1.9.4.RELEASE.jar
7f53c0e2b000-7f53c0e35000 r--s 000a5000 08:01 10748488                   /home/panagiotis/.m2/repository/org/javassist/javassist/3.18.1-GA/javassist-3.18.1-GA.jar
7f53c0e35000-7f53c0e93000 r--s 004ac000 08:01 10748469                   /home/panagiotis/.m2/repository/org/hibernate/hibernate-core/4.3.11.Final/hibernate-core-4.3.11.Final.jar
7f53c0e93000-7f53c0e96000 ---p 00000000 00:00 0 
7f53c0e96000-7f53c0f94000 rw-p 00000000 00:00 0 
7f53c0f94000-7f53c1271000 r--p 00000000 08:01 6560045                    /usr/lib/locale/locale-archive
7f53c1271000-7f53c1274000 ---p 00000000 00:00 0 
7f53c1274000-7f53c1372000 rw-p 00000000 00:00 0 
7f53c1372000-7f53c1375000 ---p 00000000 00:00 0 
7f53c1375000-7f53c1473000 rw-p 00000000 00:00 0 
7f53c1473000-7f53c1474000 ---p 00000000 00:00 0 
7f53c1474000-7f53c4000000 rw-p 00000000 00:00 0 
7f53c4000000-7f53c4021000 rw-p 00000000 00:00 0 
7f53c4021000-7f53c8000000 ---p 00000000 00:00 0 
7f53c8000000-7f53c8021000 rw-p 00000000 00:00 0 
7f53c8021000-7f53cc000000 ---p 00000000 00:00 0 
7f53cc000000-7f53cc021000 rw-p 00000000 00:00 0 
7f53cc021000-7f53d0000000 ---p 00000000 00:00 0 
7f53d0000000-7f53d0021000 rw-p 00000000 00:00 0 
7f53d0021000-7f53d4000000 ---p 00000000 00:00 0 
7f53d4000000-7f53d4021000 rw-p 00000000 00:00 0 
7f53d4021000-7f53d8000000 ---p 00000000 00:00 0 
7f53d8000000-7f53d8005000 r--s 0003c000 08:01 13372999                   /home/panagiotis/.m2/repository/org/springframework/spring-expression/4.2.5.RELEASE/spring-expression-4.2.5.RELEASE.jar
7f53d8005000-7f53d8007000 r--s 00006000 08:01 13372991                   /home/panagiotis/.m2/repository/javax/transaction/javax.transaction-api/1.2/javax.transaction-api-1.2.jar
7f53d8007000-7f53d800c000 r--s 00017000 08:01 10748487                   /home/panagiotis/.m2/repository/org/hibernate/javax/persistence/hibernate-jpa-2.1-api/1.0.0.Final/hibernate-jpa-2.1-api-1.0.0.Final.jar
7f53d800c000-7f53d800f000 r--s 00010000 08:01 10748483                   /home/panagiotis/.m2/repository/org/hibernate/common/hibernate-commons-annotations/4.0.5.Final/hibernate-commons-annotations-4.0.5.Final.jar
7f53d800f000-7f53d8014000 r--s 00016000 08:01 10750694                   /home/panagiotis/.m2/repository/xml-apis/xml-apis/1.0.b2/xml-apis-1.0.b2.jar
7f53d8014000-7f53d8019000 r--s 00048000 08:01 10748481                   /home/panagiotis/.m2/repository/dom4j/dom4j/1.6.1/dom4j-1.6.1.jar
7f53d8019000-7f53d801b000 r--s 00011000 08:01 10748491                   /home/panagiotis/.m2/repository/org/jboss/jandex/1.1.0.Final/jandex-1.1.0.Final.jar
7f53d801b000-7f53d8020000 r--s 00068000 08:01 10748489                   /home/panagiotis/.m2/repository/antlr/antlr/2.7.7/antlr-2.7.7.jar
7f53d8020000-7f53d8021000 r--s 00002000 08:01 10748477                   /home/panagiotis/.m2/repository/org/jboss/logging/jboss-logging-annotations/1.2.0.Beta1/jboss-logging-annotations-1.2.0.Beta1.jar
7f53d8021000-7f53d8023000 r--s 0000f000 08:01 12067645                   /home/panagiotis/.m2/repository/org/jboss/logging/jboss-logging/3.3.0.Final/jboss-logging-3.3.0.Final.jar
7f53d8023000-7f53d8031000 r--s 00091000 08:01 13372990                   /home/panagiotis/.m2/repository/org/hibernate/hibernate-entitymanager/4.3.11.Final/hibernate-entitymanager-4.3.11.Final.jar
7f53d8031000-7f53d803b000 r--s 0005e000 08:01 13372960                   /home/panagiotis/.m2/repository/org/springframework/spring-jdbc/4.2.5.RELEASE/spring-jdbc-4.2.5.RELEASE.jar
7f53d803b000-7f53d803c000 r--s 00009000 08:01 13372981                   /home/panagiotis/.m2/repository/org/apache/tomcat/tomcat-juli/8.0.32/tomcat-juli-8.0.32.jar
7f53d803c000-7f53d803f000 r--s 0001f000 08:01 13372979                   /home/panagiotis/.m2/repository/org/apache/tomcat/tomcat-jdbc/8.0.32/tomcat-jdbc-8.0.32.jar
7f53d803f000-7f53d8040000 r--s 00000000 08:01 13372971                   /home/panagiotis/.m2/repository/org/springframework/boot/spring-boot-starter-jdbc/1.3.3.RELEASE/spring-boot-starter-jdbc-1.3.3.RELEASE.jar
7f53d8040000-7f53d8059000 r--s 001af000 08:01 13372963                   /home/panagiotis/.m2/repository/org/aspectj/aspectjweaver/1.8.8/aspectjweaver-1.8.8.jar
7f53d8059000-7f53d805b000 r--s 00000000 08:01 10618299                   /home/panagiotis/.m2/repository/aopalliance/aopalliance/1.0/aopalliance-1.0.jar
7f53d805b000-7f53d8064000 r--s 00052000 08:01 13372986                   /home/panagiotis/.m2/repository/org/springframework/spring-aop/4.2.5.RELEASE/spring-aop-4.2.5.RELEASE.jar
7f53d8064000-7f53d8065000 r--s 00000000 08:01 13372958                   /home/panagiotis/.m2/repository/org/springframework/boot/spring-boot-starter-aop/1.3.3.RELEASE/spring-boot-starter-aop-1.3.3.RELEASE.jar
7f53d8065000-7f53d806b000 r--s 0003c000 08:01 13372956                   /home/panagiotis/.m2/repository/org/yaml/snakeyaml/1.16/snakeyaml-1.16.jar
7f53d806b000-7f53d8081000 r--s 000f2000 08:01 13373004                   /home/panagiotis/.m2/repository/org/springframework/spring-core/4.2.5.RELEASE/spring-core-4.2.5.RELEASE.jar
7f53d8081000-7f53d8083000 r--s 00004000 08:01 13372966                   /home/panagiotis/.m2/repository/org/slf4j/log4j-over-slf4j/1.7.16/log4j-over-slf4j-1.7.16.jar
7f53d8083000-7f53d808e000 r--s 00065000 08:01 13372954                   /home/panagiotis/.m2/repository/ch/qos/logback/logback-core/1.1.5/logback-core-1.1.5.jar
7f53d808e000-7f53d8094000 r--s 0003f000 08:01 13372952                   /home/panagiotis/.m2/repository/ch/qos/logback/logback-classic/1.1.5/logback-classic-1.1.5.jar
7f53d8094000-7f53d80ab000 r--s 000a2000 08:01 13372948                   /home/panagiotis/.m2/repository/org/springframework/boot/spring-boot-autoconfigure/1.3.3.RELEASE/spring-boot-autoconfigure-1.3.3.RELEASE.jar
7f53d80ab000-7f53d80b9000 r--s 00078000 08:01 13372938                   /home/panagiotis/.m2/repository/org/springframework/boot/spring-boot/1.3.3.RELEASE/spring-boot-1.3.3.RELEASE.jar
7f53d80b9000-7f53d80c3000 r--s 000e7000 08:01 13372936                   /home/panagiotis/.m2/repository/mysql/mysql-connector-java/5.1.38/mysql-connector-java-5.1.38.jar
7f53d80c3000-7f53d80d6000 r--s 00346000 08:01 6684929                    /usr/lib/jvm/java-8-openjdk-amd64/jre/lib/resources.jar
7f53d80d6000-7f53d80f1000 r--s 001d6000 08:01 6684909                    /usr/lib/jvm/java-8-openjdk-amd64/jre/lib/ext/nashorn.jar
7f53d80f1000-7f53d9000000 rw-p 00000000 00:00 0 
7f53d9000000-7f53d96d0000 rwxp 00000000 00:00 0 
7f53d96d0000-7f53e8000000 ---p 00000000 00:00 0 
7f53e8000000-7f53e8a3f000 rw-p 00000000 00:00 0 
7f53e8a3f000-7f53ec000000 ---p 00000000 00:00 0 
7f53ec000000-7f53ec002000 r--s 00000000 08:01 13372961                   /home/panagiotis/.m2/repository/org/slf4j/jul-to-slf4j/1.7.16/jul-to-slf4j-1.7.16.jar
7f53ec002000-7f53ec003000 r--s 00000000 08:01 13372950                   /home/panagiotis/.m2/repository/org/springframework/boot/spring-boot-starter-logging/1.3.3.RELEASE/spring-boot-starter-logging-1.3.3.RELEASE.jar
7f53ec003000-7f53ec004000 r--s 00000000 08:01 13372942                   /home/panagiotis/.m2/repository/org/springframework/boot/spring-boot-starter/1.3.3.RELEASE/spring-boot-starter-1.3.3.RELEASE.jar
7f53ec004000-7f53ec005000 r--s 00000000 08:01 13372940                   /home/panagiotis/.m2/repository/org/springframework/boot/spring-boot-starter-data-jpa/1.3.3.RELEASE/spring-boot-starter-data-jpa-1.3.3.RELEASE.jar
7f53ec005000-7f53ec00a000 r--s 0009a000 08:01 6684925                    /usr/lib/jvm/java-8-openjdk-amd64/jre/lib/jsse.jar
7f53ec00a000-7f53ec00d000 r--s 00015000 08:01 6684923                    /usr/lib/jvm/java-8-openjdk-amd64/jre/lib/jce.jar
7f53ec00d000-7f53ec00f000 r--s 00007000 08:01 7219015                    /usr/share/java/java-atk-wrapper.jar
7f53ec00f000-7f53ec014000 r--s 002f9000 08:01 6684896                    /usr/lib/jvm/java-8-openjdk-amd64/jre/lib/charsets.jar
7f53ec014000-7f53ec016000 r--s 00007000 08:01 7219015                    /usr/share/java/java-atk-wrapper.jar
7f53ec016000-7f53ec020000 r--s 00116000 08:01 6684908                    /usr/lib/jvm/java-8-openjdk-amd64/jre/lib/ext/localedata.jar
7f53ec020000-7f53ec03b000 r--s 00394000 08:01 6684904                    /usr/lib/jvm/java-8-openjdk-amd64/jre/lib/ext/cldrdata.jar
7f53ec03b000-7f53ec03d000 r--s 00008000 08:01 6684910                    /usr/lib/jvm/java-8-openjdk-amd64/jre/lib/ext/sunec.jar
7f53ec03d000-7f53ec042000 r--s 0003b000 08:01 6684911                    /usr/lib/jvm/java-8-openjdk-amd64/jre/lib/ext/sunjce_provider.jar
7f53ec042000-7f53ec046000 r--s 00037000 08:01 6684912                    /usr/lib/jvm/java-8-openjdk-amd64/jre/lib/ext/sunpkcs11.jar
7f53ec046000-7f53ec094000 rw-p 00000000 00:00 0 
7f53ec094000-7f53ec262000 r--s 03c13000 08:01 6684930                    /usr/lib/jvm/java-8-openjdk-amd64/jre/lib/rt.jar
7f53ec262000-7f53ecc4a000 rw-p 00000000 00:00 0 
7f53ecc4a000-7f53ecc4b000 ---p 00000000 00:00 0 
7f53ecc4b000-7f53ecd4b000 rw-p 00000000 00:00 0 
7f53ecd4b000-7f53ecd4c000 ---p 00000000 00:00 0 
7f53ecd4c000-7f53ece4c000 rw-p 00000000 00:00 0 
7f53ece4c000-7f53ece4d000 ---p 00000000 00:00 0 
7f53ece4d000-7f53ecf4d000 rw-p 00000000 00:00 0 
7f53ecf4d000-7f53ecf4e000 ---p 00000000 00:00 0 
7f53ecf4e000-7f53ed04e000 rw-p 00000000 00:00 0 
7f53ed04e000-7f53ed04f000 ---p 00000000 00:00 0 
7f53ed04f000-7f53ed14f000 rw-p 00000000 00:00 0 
7f53ed14f000-7f53ed150000 ---p 00000000 00:00 0 
7f53ed150000-7f53ed250000 rw-p 00000000 00:00 0 
7f53ed250000-7f53ed251000 ---p 00000000 00:00 0 
7f53ed251000-7f53ed351000 rw-p 00000000 00:00 0 
7f53ed351000-7f53ed352000 ---p 00000000 00:00 0 
7f53ed352000-7f53ed467000 rw-p 00000000 00:00 0 
7f53ed467000-7f53ed598000 ---p 00000000 00:00 0 
7f53ed598000-7f53ed5ad000 rw-p 00000000 00:00 0 
7f53ed5ad000-7f53ed6dd000 ---p 00000000 00:00 0 
7f53ed6dd000-7f53ed704000 rw-p 00000000 00:00 0 
7f53ed704000-7f53ed780000 ---p 00000000 00:00 0 
7f53ed780000-7f53ed79d000 rw-p 00000000 00:00 0 
7f53ed79d000-7f53edb41000 ---p 00000000 00:00 0 
7f53edb41000-7f53edb49000 r-xp 00000000 08:01 6684893                    /usr/lib/jvm/java-8-openjdk-amd64/jre/lib/amd64/libzip.so
7f53edb49000-7f53edd48000 ---p 00008000 08:01 6684893                    /usr/lib/jvm/java-8-openjdk-amd64/jre/lib/amd64/libzip.so
7f53edd48000-7f53edd49000 r--p 00007000 08:01 6684893                    /usr/lib/jvm/java-8-openjdk-amd64/jre/lib/amd64/libzip.so
7f53edd49000-7f53edd4a000 rw-p 00008000 08:01 6684893                    /usr/lib/jvm/java-8-openjdk-amd64/jre/lib/amd64/libzip.so
7f53edd4a000-7f53edd55000 r-xp 00000000 08:01 6302818                    /lib/x86_64-linux-gnu/libnss_files-2.24.so
7f53edd55000-7f53edf54000 ---p 0000b000 08:01 6302818                    /lib/x86_64-linux-gnu/libnss_files-2.24.so
7f53edf54000-7f53edf55000 r--p 0000a000 08:01 6302818                    /lib/x86_64-linux-gnu/libnss_files-2.24.so
7f53edf55000-7f53edf56000 rw-p 0000b000 08:01 6302818                    /lib/x86_64-linux-gnu/libnss_files-2.24.so
7f53edf56000-7f53edf5c000 rw-p 00000000 00:00 0 
7f53edf5c000-7f53edf67000 r-xp 00000000 08:01 6302865                    /lib/x86_64-linux-gnu/libnss_nis-2.24.so
7f53edf67000-7f53ee166000 ---p 0000b000 08:01 6302865                    /lib/x86_64-linux-gnu/libnss_nis-2.24.so
7f53ee166000-7f53ee167000 r--p 0000a000 08:01 6302865                    /lib/x86_64-linux-gnu/libnss_nis-2.24.so
7f53ee167000-7f53ee168000 rw-p 0000b000 08:01 6302865                    /lib/x86_64-linux-gnu/libnss_nis-2.24.so
7f53ee168000-7f53ee17e000 r-xp 00000000 08:01 6296176                    /lib/x86_64-linux-gnu/libnsl-2.24.so
7f53ee17e000-7f53ee37d000 ---p 00016000 08:01 6296176                    /lib/x86_64-linux-gnu/libnsl-2.24.so
7f53ee37d000-7f53ee37e000 r--p 00015000 08:01 6296176                    /lib/x86_64-linux-gnu/libnsl-2.24.so
7f53ee37e000-7f53ee37f000 rw-p 00016000 08:01 6296176                    /lib/x86_64-linux-gnu/libnsl-2.24.so
7f53ee37f000-7f53ee381000 rw-p 00000000 00:00 0 
7f53ee381000-7f53ee389000 r-xp 00000000 08:01 6296177                    /lib/x86_64-linux-gnu/libnss_compat-2.24.so
7f53ee389000-7f53ee588000 ---p 00008000 08:01 6296177                    /lib/x86_64-linux-gnu/libnss_compat-2.24.so
7f53ee588000-7f53ee589000 r--p 00007000 08:01 6296177                    /lib/x86_64-linux-gnu/libnss_compat-2.24.so
7f53ee589000-7f53ee58a000 rw-p 00008000 08:01 6296177                    /lib/x86_64-linux-gnu/libnss_compat-2.24.so
7f53ee58a000-7f53ee594000 r-xp 00000000 08:01 6684868                    /usr/lib/jvm/java-8-openjdk-amd64/jre/lib/amd64/libinstrument.so
7f53ee594000-7f53ee793000 ---p 0000a000 08:01 6684868                    /usr/lib/jvm/java-8-openjdk-amd64/jre/lib/amd64/libinstrument.so
7f53ee793000-7f53ee794000 r--p 00009000 08:01 6684868                    /usr/lib/jvm/java-8-openjdk-amd64/jre/lib/amd64/libinstrument.so
7f53ee794000-7f53ee795000 rw-p 0000a000 08:01 6684868                    /usr/lib/jvm/java-8-openjdk-amd64/jre/lib/amd64/libinstrument.so
7f53ee795000-7f53ee7c2000 r-xp 00000000 08:01 6684873                    /usr/lib/jvm/java-8-openjdk-amd64/jre/lib/amd64/libjava.so
7f53ee7c2000-7f53ee9c1000 ---p 0002d000 08:01 6684873                    /usr/lib/jvm/java-8-openjdk-amd64/jre/lib/amd64/libjava.so
7f53ee9c1000-7f53ee9c2000 r--p 0002c000 08:01 6684873                    /usr/lib/jvm/java-8-openjdk-amd64/jre/lib/amd64/libjava.so
7f53ee9c2000-7f53ee9c4000 rw-p 0002d000 08:01 6684873                    /usr/lib/jvm/java-8-openjdk-amd64/jre/lib/amd64/libjava.so
7f53ee9c4000-7f53ee9d3000 r-xp 00000000 08:01 6684892                    /usr/lib/jvm/java-8-openjdk-amd64/jre/lib/amd64/libverify.so
7f53ee9d3000-7f53eebd3000 ---p 0000f000 08:01 6684892                    /usr/lib/jvm/java-8-openjdk-amd64/jre/lib/amd64/libverify.so
7f53eebd3000-7f53eebd5000 r--p 0000f000 08:01 6684892                    /usr/lib/jvm/java-8-openjdk-amd64/jre/lib/amd64/libverify.so
7f53eebd5000-7f53eebd6000 rw-p 00011000 08:01 6684892                    /usr/lib/jvm/java-8-openjdk-amd64/jre/lib/amd64/libverify.so
7f53eebd6000-7f53eebdd000 r-xp 00000000 08:01 6302870                    /lib/x86_64-linux-gnu/librt-2.24.so
7f53eebdd000-7f53eeddc000 ---p 00007000 08:01 6302870                    /lib/x86_64-linux-gnu/librt-2.24.so
7f53eeddc000-7f53eeddd000 r--p 00006000 08:01 6302870                    /lib/x86_64-linux-gnu/librt-2.24.so
7f53eeddd000-7f53eedde000 rw-p 00007000 08:01 6302870                    /lib/x86_64-linux-gnu/librt-2.24.so
7f53eedde000-7f53eedf4000 r-xp 00000000 08:01 6291540                    /lib/x86_64-linux-gnu/libgcc_s.so.1
7f53eedf4000-7f53eeff3000 ---p 00016000 08:01 6291540                    /lib/x86_64-linux-gnu/libgcc_s.so.1
7f53eeff3000-7f53eeff4000 r--p 00015000 08:01 6291540                    /lib/x86_64-linux-gnu/libgcc_s.so.1
7f53eeff4000-7f53eeff5000 rw-p 00016000 08:01 6291540                    /lib/x86_64-linux-gnu/libgcc_s.so.1
7f53eeff5000-7f53ef0fd000 r-xp 00000000 08:01 6296171                    /lib/x86_64-linux-gnu/libm-2.24.so
7f53ef0fd000-7f53ef2fc000 ---p 00108000 08:01 6296171                    /lib/x86_64-linux-gnu/libm-2.24.so
7f53ef2fc000-7f53ef2fd000 r--p 00107000 08:01 6296171                    /lib/x86_64-linux-gnu/libm-2.24.so
7f53ef2fd000-7f53ef2fe000 rw-p 00108000 08:01 6296171                    /lib/x86_64-linux-gnu/libm-2.24.so
7f53ef2fe000-7f53ef477000 r-xp 00000000 08:01 6556652                    /usr/lib/x86_64-linux-gnu/libstdc++.so.6.0.22
7f53ef477000-7f53ef676000 ---p 00179000 08:01 6556652                    /usr/lib/x86_64-linux-gnu/libstdc++.so.6.0.22
7f53ef676000-7f53ef680000 r--p 00178000 08:01 6556652                    /usr/lib/x86_64-linux-gnu/libstdc++.so.6.0.22
7f53ef680000-7f53ef682000 rw-p 00182000 08:01 6556652                    /usr/lib/x86_64-linux-gnu/libstdc++.so.6.0.22
7f53ef682000-7f53ef686000 rw-p 00000000 00:00 0 
7f53ef686000-7f53f02e0000 r-xp 00000000 08:01 6684895                    /usr/lib/jvm/java-8-openjdk-amd64/jre/lib/amd64/server/libjvm.so
7f53f02e0000-7f53f04df000 ---p 00c5a000 08:01 6684895                    /usr/lib/jvm/java-8-openjdk-amd64/jre/lib/amd64/server/libjvm.so
7f53f04df000-7f53f0572000 r--p 00c59000 08:01 6684895                    /usr/lib/jvm/java-8-openjdk-amd64/jre/lib/amd64/server/libjvm.so
7f53f0572000-7f53f059b000 rw-p 00cec000 08:01 6684895                    /usr/lib/jvm/java-8-openjdk-amd64/jre/lib/amd64/server/libjvm.so
7f53f059b000-7f53f05cb000 rw-p 00000000 00:00 0 
7f53f05cb000-7f53f05e3000 r-xp 00000000 08:01 6302868                    /lib/x86_64-linux-gnu/libpthread-2.24.so
7f53f05e3000-7f53f07e3000 ---p 00018000 08:01 6302868                    /lib/x86_64-linux-gnu/libpthread-2.24.so
7f53f07e3000-7f53f07e4000 r--p 00018000 08:01 6302868                    /lib/x86_64-linux-gnu/libpthread-2.24.so
7f53f07e4000-7f53f07e5000 rw-p 00019000 08:01 6302868                    /lib/x86_64-linux-gnu/libpthread-2.24.so
7f53f07e5000-7f53f07e9000 rw-p 00000000 00:00 0 
7f53f07e9000-7f53f07ec000 r-xp 00000000 08:01 6296168                    /lib/x86_64-linux-gnu/libdl-2.24.so
7f53f07ec000-7f53f09eb000 ---p 00003000 08:01 6296168                    /lib/x86_64-linux-gnu/libdl-2.24.so
7f53f09eb000-7f53f09ec000 r--p 00002000 08:01 6296168                    /lib/x86_64-linux-gnu/libdl-2.24.so
7f53f09ec000-7f53f09ed000 rw-p 00003000 08:01 6296168                    /lib/x86_64-linux-gnu/libdl-2.24.so
7f53f09ed000-7f53f0a08000 r-xp 00000000 08:01 6291647                    /lib/x86_64-linux-gnu/libz.so.1.2.11
7f53f0a08000-7f53f0c07000 ---p 0001b000 08:01 6291647                    /lib/x86_64-linux-gnu/libz.so.1.2.11
7f53f0c07000-7f53f0c08000 r--p 0001a000 08:01 6291647                    /lib/x86_64-linux-gnu/libz.so.1.2.11
7f53f0c08000-7f53f0c09000 rw-p 0001b000 08:01 6291647                    /lib/x86_64-linux-gnu/libz.so.1.2.11
7f53f0c09000-7f53f0dc7000 r-xp 00000000 08:01 6296134                    /lib/x86_64-linux-gnu/libc-2.24.so
7f53f0dc7000-7f53f0fc6000 ---p 001be000 08:01 6296134                    /lib/x86_64-linux-gnu/libc-2.24.so
7f53f0fc6000-7f53f0fca000 r--p 001bd000 08:01 6296134                    /lib/x86_64-linux-gnu/libc-2.24.so
7f53f0fca000-7f53f0fcc000 rw-p 001c1000 08:01 6296134                    /lib/x86_64-linux-gnu/libc-2.24.so
7f53f0fcc000-7f53f0fd0000 rw-p 00000000 00:00 0 
7f53f0fd0000-7f53f0fdd000 r-xp 00000000 08:01 6684859                    /usr/lib/jvm/java-8-openjdk-amd64/jre/lib/amd64/jli/libjli.so
7f53f0fdd000-7f53f11dd000 ---p 0000d000 08:01 6684859                    /usr/lib/jvm/java-8-openjdk-amd64/jre/lib/amd64/jli/libjli.so
7f53f11dd000-7f53f11de000 r--p 0000d000 08:01 6684859                    /usr/lib/jvm/java-8-openjdk-amd64/jre/lib/amd64/jli/libjli.so
7f53f11de000-7f53f11df000 rw-p 0000e000 08:01 6684859                    /usr/lib/jvm/java-8-openjdk-amd64/jre/lib/amd64/jli/libjli.so
7f53f11df000-7f53f1205000 r-xp 00000000 08:01 6296082                    /lib/x86_64-linux-gnu/ld-2.24.so
7f53f1205000-7f53f1206000 r--s 00000000 08:01 6684927                    /usr/lib/jvm/java-8-openjdk-amd64/jre/lib/management-agent.jar
7f53f1206000-7f53f1208000 r--s 00001000 08:01 6684905                    /usr/lib/jvm/java-8-openjdk-amd64/jre/lib/ext/dnsns.jar
7f53f1208000-7f53f120b000 r--s 0000f000 08:01 6684906                    /usr/lib/jvm/java-8-openjdk-amd64/jre/lib/ext/icedtea-sound.jar
7f53f120b000-7f53f12dc000 rw-p 00000000 00:00 0 
7f53f12dc000-7f53f12df000 ---p 00000000 00:00 0 
7f53f12df000-7f53f13e1000 rw-p 00000000 00:00 0 
7f53f13e1000-7f53f13e2000 r--s 00010000 08:01 6684913                    /usr/lib/jvm/java-8-openjdk-amd64/jre/lib/ext/zipfs.jar
7f53f13e2000-7f53f13e3000 r--s 0000a000 08:01 6684907                    /usr/lib/jvm/java-8-openjdk-amd64/jre/lib/ext/jaccess.jar
7f53f13e3000-7f53f13f7000 rw-p 00000000 00:00 0 
7f53f13f7000-7f53f13ff000 rw-s 00000000 08:01 670903                     /tmp/hsperfdata_panagiotis/21024
7f53f13ff000-7f53f1400000 rw-p 00000000 00:00 0 
7f53f1400000-7f53f1401000 ---p 00000000 00:00 0 
7f53f1401000-7f53f1404000 rw-p 00000000 00:00 0 
7f53f1404000-7f53f1405000 r--p 00025000 08:01 6296082                    /lib/x86_64-linux-gnu/ld-2.24.so
7f53f1405000-7f53f1406000 rw-p 00026000 08:01 6296082                    /lib/x86_64-linux-gnu/ld-2.24.so
7f53f1406000-7f53f1407000 rw-p 00000000 00:00 0 
7ffc9312d000-7ffc93150000 rw-p 00000000 00:00 0                          [stack]
7ffc93175000-7ffc93177000 r--p 00000000 00:00 0                          [vvar]
7ffc93177000-7ffc93179000 r-xp 00000000 00:00 0                          [vdso]
ffffffffff600000-ffffffffff601000 r-xp 00000000 00:00 0                  [vsyscall]

VM Arguments:
jvm_args: -javaagent:/home/panagiotis/ideaIU-2017.1.1/idea-IU-171.4073.35/lib/idea_rt.jar=42199:/home/panagiotis/ideaIU-2017.1.1/idea-IU-171.4073.35/bin -Dfile.encoding=UTF-8 
java_command: com.main.Application
java_class_path (initial): /usr/lib/jvm/java-1.8.0-openjdk-amd64/jre/lib/charsets.jar:/usr/lib/jvm/java-1.8.0-openjdk-amd64/jre/lib/ext/cldrdata.jar:/usr/lib/jvm/java-1.8.0-openjdk-amd64/jre/lib/ext/dnsns.jar:/usr/lib/jvm/java-1.8.0-openjdk-amd64/jre/lib/ext/icedtea-sound.jar:/usr/lib/jvm/java-1.8.0-openjdk-amd64/jre/lib/ext/jaccess.jar:/usr/lib/jvm/java-1.8.0-openjdk-amd64/jre/lib/ext/java-atk-wrapper.jar:/usr/lib/jvm/java-1.8.0-openjdk-amd64/jre/lib/ext/localedata.jar:/usr/lib/jvm/java-1.8.0-openjdk-amd64/jre/lib/ext/nashorn.jar:/usr/lib/jvm/java-1.8.0-openjdk-amd64/jre/lib/ext/sunec.jar:/usr/lib/jvm/java-1.8.0-openjdk-amd64/jre/lib/ext/sunjce_provider.jar:/usr/lib/jvm/java-1.8.0-openjdk-amd64/jre/lib/ext/sunpkcs11.jar:/usr/lib/jvm/java-1.8.0-openjdk-amd64/jre/lib/ext/zipfs.jar:/usr/lib/jvm/java-1.8.0-openjdk-amd64/jre/lib/jce.jar:/usr/lib/jvm/java-1.8.0-openjdk-amd64/jre/lib/jsse.jar:/usr/lib/jvm/java-1.8.0-openjdk-amd64/jre/lib/management-agent.jar:/usr/lib/jvm/java-1.8.0-openjdk-amd64/jre/lib/resources.jar:/usr/lib/jvm/java-1.8.0-openjdk-amd64/jre/lib/rt.jar:/home/panagiotis/project/airbnb-like-server/target/classes:/home/panagiotis/.m2/repository/mysql/mysql-connector-java/5.1.38/mysql-connector-java-5.1.38.jar:/home/panagiotis/.m2/repository/org/springframework/boot/spring-boot-starter-data-jpa/1.3.3.RELEASE/spring-boot-starter-data-jpa-1.3.3.RELEASE.jar:/home/panagiotis/.m2/repository/org/springframework/boot/spring-boot-starter/1.3.3.RELEASE/spring-boot-starter-1.3.3.RELEASE.jar:/home/panagiotis/.m2/repository/org/springframework/boot/spring-boot/1.3.3.RELEASE/spring-boot-1.3.3.RELEASE.jar:/home/panagiotis/.m2/repository/org/springframework/boot/spring-boot-autoconfigure/1.3.3.RELEASE/spring-boot-autoconfigure-1.3.3.RELEASE.jar:/home/panagiotis/.m2/repository/org/springframework/boot/spring-boot-starter-logging/1.3.3.RELEASE/spring-boot-starter-logging-1.3.3.RELEASE.jar:/home/panagiotis/.m2/repository/ch/qos/logback/logback-classic/1.1.5/logback-classic-1
Launcher Type: SUN_STANDARD

Environment Variables:
PATH=/home/panagiotis/bin:/home/panagiotis/.local/bin:/usr/local/sbin:/usr/local/bin:/usr/sbin:/usr/bin:/sbin:/bin:/usr/games:/usr/local/games:/snap/bin
LD_LIBRARY_PATH=/home/panagiotis/ideaIU-2017.1.1/idea-IU-171.4073.35/bin:
SHELL=/bin/bash
DISPLAY=:0

Signal Handlers:
SIGSEGV: [libjvm.so+0xa70490], sa_mask[0]=11111111011111111101111111111110, sa_flags=SA_RESTART|SA_SIGINFO
SIGBUS: [libjvm.so+0xa70490], sa_mask[0]=11111111011111111101111111111110, sa_flags=SA_RESTART|SA_SIGINFO
SIGFPE: [libjvm.so+0x8b9fc0], sa_mask[0]=11111111011111111101111111111110, sa_flags=SA_RESTART|SA_SIGINFO
SIGPIPE: [libjvm.so+0x8b9fc0], sa_mask[0]=11111111011111111101111111111110, sa_flags=SA_RESTART|SA_SIGINFO
SIGXFSZ: [libjvm.so+0x8b9fc0], sa_mask[0]=11111111011111111101111111111110, sa_flags=SA_RESTART|SA_SIGINFO
SIGILL: [libjvm.so+0x8b9fc0], sa_mask[0]=11111111011111111101111111111110, sa_flags=SA_RESTART|SA_SIGINFO
SIGUSR1: SIG_DFL, sa_mask[0]=00000000000000000000000000000000, sa_flags=none
SIGUSR2: [libjvm.so+0x8b9e70], sa_mask[0]=00100000000000000000000000000000, sa_flags=SA_RESTART|SA_SIGINFO
SIGHUP: [libjvm.so+0x8ba320], sa_mask[0]=11111111011111111101111111111110, sa_flags=SA_RESTART|SA_SIGINFO
SIGINT: [libjvm.so+0x8ba320], sa_mask[0]=11111111011111111101111111111110, sa_flags=SA_RESTART|SA_SIGINFO
SIGTERM: [libjvm.so+0x8ba320], sa_mask[0]=11111111011111111101111111111110, sa_flags=SA_RESTART|SA_SIGINFO
SIGQUIT: [libjvm.so+0x8ba320], sa_mask[0]=11111111011111111101111111111110, sa_flags=SA_RESTART|SA_SIGINFO


---------------  S Y S T E M  ---------------

OS:DISTRIB_ID=Ubuntu
DISTRIB_RELEASE=17.04
DISTRIB_CODENAME=zesty
DISTRIB_DESCRIPTION="Ubuntu 17.04"

uname:Linux 4.10.0-33-generic #37-Ubuntu SMP Fri Aug 11 10:55:28 UTC 2017 x86_64
libc:glibc 2.24 NPTL 2.24 
rlimit: STACK 8192k, CORE 0k, NPROC 15408, NOFILE 1048576, AS infinity
load average:7,31 11,07 10,69

/proc/meminfo:
MemTotal:        3990360 kB
MemFree:           90684 kB
MemAvailable:      12564 kB
Buffers:             468 kB
Cached:           176696 kB
SwapCached:         3004 kB
Active:          2913608 kB
Inactive:         626884 kB
Active(anon):    2907388 kB
Inactive(anon):   620316 kB
Active(file):       6220 kB
Inactive(file):     6568 kB
Unevictable:         216 kB
Mlocked:             216 kB
SwapTotal:       4140028 kB
SwapFree:              0 kB
Dirty:                 4 kB
Writeback:             0 kB
AnonPages:       3362892 kB
Mapped:            15740 kB
Shmem:            162840 kB
Slab:             201740 kB
SReclaimable:      75360 kB
SUnreclaim:       126380 kB
KernelStack:       18512 kB
PageTables:        68028 kB
NFS_Unstable:          0 kB
Bounce:                0 kB
WritebackTmp:          0 kB
CommitLimit:     6135208 kB
Committed_AS:   14924016 kB
VmallocTotal:   34359738367 kB
VmallocUsed:           0 kB
VmallocChunk:          0 kB
HardwareCorrupted:     0 kB
AnonHugePages:    143360 kB
ShmemHugePages:        0 kB
ShmemPmdMapped:        0 kB
CmaTotal:              0 kB
CmaFree:               0 kB
HugePages_Total:       0
HugePages_Free:        0
HugePages_Rsvd:        0
HugePages_Surp:        0
Hugepagesize:       2048 kB
DirectMap4k:      293120 kB
DirectMap2M:     3848192 kB


CPU:total 8 (initial active 8) (4 cores per cpu, 2 threads per core) family 6 model 42 stepping 7, cmov, cx8, fxsr, mmx, sse, sse2, sse3, ssse3, sse4.1, sse4.2, popcnt, avx, aes, clmul, ht, tsc, tscinvbit

/proc/cpuinfo:
processor	: 0
vendor_id	: GenuineIntel
cpu family	: 6
model		: 42
model name	: Intel(R) Core(TM) i7-2670QM CPU @ 2.20GHz
stepping	: 7
microcode	: 0x25
cpu MHz		: 2630.090
cache size	: 6144 KB
physical id	: 0
siblings	: 8
core id		: 0
cpu cores	: 4
apicid		: 0
initial apicid	: 0
fpu		: yes
fpu_exception	: yes
cpuid level	: 13
wp		: yes
flags		: fpu vme de pse tsc msr pae mce cx8 apic sep mtrr pge mca cmov pat pse36 clflush dts acpi mmx fxsr sse sse2 ss ht tm pbe syscall nx rdtscp lm constant_tsc arch_perfmon pebs bts rep_good nopl xtopology nonstop_tsc aperfmperf pni pclmulqdq dtes64 monitor ds_cpl vmx est tm2 ssse3 cx16 xtpr pdcm pcid sse4_1 sse4_2 x2apic popcnt tsc_deadline_timer aes xsave avx lahf_lm epb tpr_shadow vnmi flexpriority ept vpid xsaveopt dtherm ida arat pln pts
bugs		:
bogomips	: 4390.00
clflush size	: 64
cache_alignment	: 64
address sizes	: 36 bits physical, 48 bits virtual
power management:

processor	: 1
vendor_id	: GenuineIntel
cpu family	: 6
model		: 42
model name	: Intel(R) Core(TM) i7-2670QM CPU @ 2.20GHz
stepping	: 7
microcode	: 0x25
cpu MHz		: 2699.914
cache size	: 6144 KB
physical id	: 0
siblings	: 8
core id		: 0
cpu cores	: 4
apicid		: 1
initial apicid	: 1
fpu		: yes
fpu_exception	: yes
cpuid level	: 13
wp		: yes
flags		: fpu vme de pse tsc msr pae mce cx8 apic sep mtrr pge mca cmov pat pse36 clflush dts acpi mmx fxsr sse sse2 ss ht tm pbe syscall nx rdtscp lm constant_tsc arch_perfmon pebs bts rep_good nopl xtopology nonstop_tsc aperfmperf pni pclmulqdq dtes64 monitor ds_cpl vmx est tm2 ssse3 cx16 xtpr pdcm pcid sse4_1 sse4_2 x2apic popcnt tsc_deadline_timer aes xsave avx lahf_lm epb tpr_shadow vnmi flexpriority ept vpid xsaveopt dtherm ida arat pln pts
bugs		:
bogomips	: 4390.00
clflush size	: 64
cache_alignment	: 64
address sizes	: 36 bits physical, 48 bits virtual
power management:

processor	: 2
vendor_id	: GenuineIntel
cpu family	: 6
model		: 42
model name	: Intel(R) Core(TM) i7-2670QM CPU @ 2.20GHz
stepping	: 7
microcode	: 0x25
cpu MHz		: 2685.681
cache size	: 6144 KB
physical id	: 0
siblings	: 8
core id		: 1
cpu cores	: 4
apicid		: 2
initial apicid	: 2
fpu		: yes
fpu_exception	: yes
cpuid level	: 13
wp		: yes
flags		: fpu vme de pse tsc msr pae mce cx8 apic sep mtrr pge mca cmov pat pse36 clflush dts acpi mmx fxsr sse sse2 ss ht tm pbe syscall nx rdtscp lm constant_tsc arch_perfmon pebs bts rep_good nopl xtopology nonstop_tsc aperfmperf pni pclmulqdq dtes64 monitor ds_cpl vmx est tm2 ssse3 cx16 xtpr pdcm pcid sse4_1 sse4_2 x2apic popcnt tsc_deadline_timer aes xsave avx lahf_lm epb tpr_shadow vnmi flexpriority ept vpid xsaveopt dtherm ida arat pln pts
bugs		:
bogomips	: 4390.00
clflush size	: 64
cache_alignment	: 64
address sizes	: 36 bits physical, 48 bits virtual
power management:

processor	: 3
vendor_id	: GenuineIntel
cpu family	: 6
model		: 42
model name	: Intel(R) Core(TM) i7-2670QM CPU @ 2.20GHz
stepping	: 7
microcode	: 0x25
cpu MHz		: 2658.959
cache size	: 6144 KB
physical id	: 0
siblings	: 8
core id		: 1
cpu cores	: 4
apicid		: 3
initial apicid	: 3
fpu		: yes
fpu_exception	: yes
cpuid level	: 13
wp		: yes
flags		: fpu vme de pse tsc msr pae mce cx8 apic sep mtrr pge mca cmov pat pse36 clflush dts acpi mmx fxsr sse sse2 ss ht tm pbe syscall nx rdtscp lm constant_tsc arch_perfmon pebs bts rep_good nopl xtopology nonstop_tsc aperfmperf pni pclmulqdq dtes64 monitor ds_cpl vmx est tm2 ssse3 cx16 xtpr pdcm pcid sse4_1 sse4_2 x2apic popcnt tsc_deadline_timer aes xsave avx lahf_lm epb tpr_shadow vnmi flexpriority ept vpid xsaveopt dtherm ida arat pln pts
bugs		:
bogomips	: 4390.00
clflush size	: 64
cache_alignment	: 64
address sizes	: 36 bits physical, 48 bits virtual
power management:

processor	: 4
vendor_id	: GenuineIntel
cpu family	: 6
model		: 42
model name	: Intel(R) Core(TM) i7-2670QM CPU @ 2.20GHz
stepping	: 7
microcode	: 0x25
cpu MHz		: 2700.048
cache size	: 6144 KB
physical id	: 0
siblings	: 8
core id		: 2
cpu cores	: 4
apicid		: 4
initial apicid	: 4
fpu		: yes
fpu_exception	: yes
cpuid level	: 13
wp		: yes
flags		: fpu vme de pse tsc msr pae mce cx8 apic sep mtrr pge mca cmov pat pse36 clflush dts acpi mmx fxsr sse sse2 ss ht tm pbe syscall nx rdtscp lm constant_tsc arch_perfmon pebs bts rep_good nopl xtopology nonstop_tsc aperfmperf pni pclmulqdq dtes64 monitor ds_cpl vmx est tm2 ssse3 cx16 xtpr pdcm pcid sse4_1 sse4_2 x2apic popcnt tsc_deadline_timer aes xsave avx lahf_lm epb tpr_shadow vnmi flexpriority ept vpid xsaveopt dtherm ida arat pln pts
bugs		:
bogomips	: 4390.00
clflush size	: 64
cache_alignment	: 64
address sizes	: 36 bits physical, 48 bits virtual
power management:

processor	: 5
vendor_id	: GenuineIntel
cpu family	: 6
model		: 42
model name	: Intel(R) Core(TM) i7-2670QM CPU @ 2.20GHz
stepping	: 7
microcode	: 0x25
cpu MHz		: 2628.076
cache size	: 6144 KB
physical id	: 0
siblings	: 8
core id		: 2
cpu cores	: 4
apicid		: 5
initial apicid	: 5
fpu		: yes
fpu_exception	: yes
cpuid level	: 13
wp		: yes
flags		: fpu vme de pse tsc msr pae mce cx8 apic sep mtrr pge mca cmov pat pse36 clflush dts acpi mmx fxsr sse sse2 ss ht tm pbe syscall nx rdtscp lm constant_tsc arch_perfmon pebs bts rep_good nopl xtopology nonstop_tsc aperfmperf pni pclmulqdq dtes64 monitor ds_cpl vmx est tm2 ssse3 cx16 xtpr pdcm pcid sse4_1 sse4_2 x2apic popcnt tsc_deadline_timer aes xsave avx lahf_lm epb tpr_shadow vnmi flexpriority ept vpid xsaveopt dtherm ida arat pln pts
bugs		:
bogomips	: 4390.00
clflush size	: 64
cache_alignment	: 64
address sizes	: 36 bits physical, 48 bits virtual
power management:

processor	: 6
vendor_id	: GenuineIntel
cpu family	: 6
model		: 42
model name	: Intel(R) Core(TM) i7-2670QM CPU @ 2.20GHz
stepping	: 7
microcode	: 0x25
cpu MHz		: 2699.914
cache size	: 6144 KB
physical id	: 0
siblings	: 8
core id		: 3
cpu cores	: 4
apicid		: 6
initial apicid	: 6
fpu		: yes
fpu_exception	: yes
cpuid level	: 13
wp		: yes
flags		: fpu vme de pse tsc msr pae mce cx8 apic sep mtrr pge mca cmov pat pse36 clflush dts acpi mmx fxsr sse sse2 ss ht tm pbe syscall nx rdtscp lm constant_tsc arch_perfmon pebs bts rep_good nopl xtopology nonstop_tsc aperfmperf pni pclmulqdq dtes64 monitor ds_cpl vmx est tm2 ssse3 cx16 xtpr pdcm pcid sse4_1 sse4_2 x2apic popcnt tsc_deadline_timer aes xsave avx lahf_lm epb tpr_shadow vnmi flexpriority ept vpid xsaveopt dtherm ida arat pln pts
bugs		:
bogomips	: 4390.00
clflush size	: 64
cache_alignment	: 64
address sizes	: 36 bits physical, 48 bits virtual
power management:

processor	: 7
vendor_id	: GenuineIntel
cpu family	: 6
model		: 42
model name	: Intel(R) Core(TM) i7-2670QM CPU @ 2.20GHz
stepping	: 7
microcode	: 0x25
cpu MHz		: 2636.401
cache size	: 6144 KB
physical id	: 0
siblings	: 8
core id		: 3
cpu cores	: 4
apicid		: 7
initial apicid	: 7
fpu		: yes
fpu_exception	: yes
cpuid level	: 13
wp		: yes
flags		: fpu vme de pse tsc msr pae mce cx8 apic sep mtrr pge mca cmov pat pse36 clflush dts acpi mmx fxsr sse sse2 ss ht tm pbe syscall nx rdtscp lm constant_tsc arch_perfmon pebs bts rep_good nopl xtopology nonstop_tsc aperfmperf pni pclmulqdq dtes64 monitor ds_cpl vmx est tm2 ssse3 cx16 xtpr pdcm pcid sse4_1 sse4_2 x2apic popcnt tsc_deadline_timer aes xsave avx lahf_lm epb tpr_shadow vnmi flexpriority ept vpid xsaveopt dtherm ida arat pln pts
bugs		:
bogomips	: 4390.00
clflush size	: 64
cache_alignment	: 64
address sizes	: 36 bits physical, 48 bits virtual
power management:



Memory: 4k page, physical 3990360k(91044k free), swap 4140028k(0k free)

vm_info: OpenJDK 64-Bit Server VM (25.131-b11) for linux-amd64 JRE (1.8.0_131-8u131-b11-2ubuntu1.17.04.3-b11), built on Jul 27 2017 21:26:44 by "buildd" with gcc 6.3.0 20170406

time: Sat Sep  2 19:42:17 2017
elapsed time: 7 seconds (0d 0h 0m 7s)

